<?xml version="1.0" encoding="UTF-8"?>
<testsuite xmlns:xsi="http://www.w3.org/2001/XMLSchema-instance" xsi:noNamespaceSchemaLocation="https://maven.apache.org/surefire/maven-surefire-plugin/xsd/surefire-test-report.xsd" name="scootertests.TestCreateOrder" time="0.657" tests="4" errors="0" skipped="0" failures="0">
  <properties>
[...]
</properties>
  <testcase name="checkCreateOrder[0]" classname="scootertests.TestCreateOrder" time="0.16"/>
  <testcase name="checkCreateOrder[1]" classname="scootertests.TestCreateOrder" time="0.14"/>
  <testcase name="checkCreateOrder[2]" classname="scootertests.TestCreateOrder" time="0.191"/>
  <testcase name="checkCreateOrder[3]" classname="scootertests.TestCreateOrder" time="0.156"/>
</testsuite>